\BOOKMARK [0][-]{part.1}{\376\377\000I\000\040\000P\000r\000e\000-\000C\000a\000l\000c\000u\000l\000u\000s}{}% 1
\BOOKMARK [1][-]{section.1}{\376\377\000T\000r\000i\000g\000o\000n\000o\000m\000e\000t\000r\000y}{part.1}% 2
\BOOKMARK [2][-]{subsection.1.1}{\376\377\000B\000a\000s\000i\000c\000\040\000D\000e\000f\000i\000n\000i\000t\000i\000o\000n\000s}{section.1}% 3
\BOOKMARK [2][-]{subsection.1.2}{\376\377\000V\000a\000l\000u\000e\000s\000\040\000o\000n\000\040\000t\000h\000e\000\040\000U\000n\000i\000t\000\040\000C\000i\000r\000c\000l\000e}{section.1}% 4
\BOOKMARK [2][-]{subsection.1.3}{\376\377\000T\000h\000e\000\040\000P\000y\000t\000h\000a\000g\000o\000r\000e\000a\000n\000\040\000a\000n\000d\000\040\000O\000t\000h\000e\000r\000\040\000I\000d\000e\000n\000t\000i\000t\000i\000e\000s}{section.1}% 5
\BOOKMARK [2][-]{subsection.1.4}{\376\377\000A\000p\000p\000l\000i\000c\000a\000t\000i\000o\000n\000s}{section.1}% 6
\BOOKMARK [2][-]{subsection.1.5}{\376\377\000T\000h\000e\000r\000e\000'\000s\000\040\000A\000l\000w\000a\000y\000s\000\040\000M\000o\000r\000e\000\040\000T\000r\000i\000g\000o\000n\000o\000m\000e\000t\000r\000y\000.\000.\000.}{section.1}% 7
\BOOKMARK [1][-]{section.2}{\376\377\000F\000u\000n\000c\000t\000i\000o\000n\000s\000\040\000o\000n\000\040\000t\000h\000e\000\040\000R\000e\000a\000l\000\040\000L\000i\000n\000e}{part.1}% 8
\BOOKMARK [2][-]{subsection.2.1}{\376\377\000R\000e\000a\000l\000\040\000N\000u\000m\000b\000e\000r\000s}{section.2}% 9
\BOOKMARK [2][-]{subsection.2.2}{\376\377\000S\000u\000b\000s\000e\000t\000s\000\040\000o\000f\000\040\000t\000h\000e\000\040\000R\000e\000a\000l\000\040\000L\000i\000n\000e}{section.2}% 10
\BOOKMARK [2][-]{subsection.2.3}{\376\377\000D\000e\000f\000i\000n\000i\000n\000g\000\040\000F\000u\000n\000c\000t\000i\000o\000n\000s}{section.2}% 11
\BOOKMARK [2][-]{subsection.2.4}{\376\377\000M\000o\000r\000e\000\040\000D\000o\000m\000a\000i\000n\000s\000\040\000a\000n\000d\000\040\000R\000a\000n\000g\000e\000s}{section.2}% 12
\BOOKMARK [2][-]{subsection.2.5}{\376\377\000I\000n\000v\000e\000r\000s\000e\000s}{section.2}% 13
\BOOKMARK [0][-]{part.2}{\376\377\000I\000I\000\040\000L\000i\000m\000i\000t\000s\000\040\000a\000n\000d\000\040\000C\000o\000n\000t\000i\000n\000u\000i\000t\000y}{}% 14
\BOOKMARK [1][-]{section.3}{\376\377\000L\000i\000m\000i\000t\000s}{part.2}% 15
\BOOKMARK [2][-]{subsection.3.1}{\376\377\000I\000n\000t\000u\000i\000t\000i\000v\000e\000\040\000L\000i\000m\000i\000t\000s}{section.3}% 16
\BOOKMARK [2][-]{subsection.3.2}{\376\377\000I\000n\000f\000i\000n\000i\000t\000e\000\040\000L\000i\000m\000i\000t\000s}{section.3}% 17
\BOOKMARK [2][-]{subsection.3.3}{\376\377\000O\000p\000t\000i\000o\000n\000a\000l\000:\000\040\000T\000h\000e\000\040\000-\000\040\000D\000e\000f\000i\000n\000i\000t\000i\000o\000n}{section.3}% 18
\BOOKMARK [2][-]{subsection.3.4}{\376\377\000L\000i\000m\000i\000t\000\040\000L\000a\000w\000s}{section.3}% 19
\BOOKMARK [2][-]{subsection.3.5}{\376\377\000L\000i\000m\000i\000t\000\040\000`\000`\000T\000r\000i\000c\000k\000s\000'\000'\000\040\000a\000n\000d\000\040\000K\000e\000y\000\040\000E\000x\000a\000m\000p\000l\000e\000s}{section.3}% 20
\BOOKMARK [1][-]{section.4}{\376\377\000C\000o\000n\000t\000i\000n\000u\000i\000t\000y}{part.2}% 21
\BOOKMARK [2][-]{subsection.4.1}{\376\377\000D\000e\000f\000i\000n\000i\000t\000i\000o\000n\000s}{section.4}% 22
\BOOKMARK [2][-]{subsection.4.2}{\376\377\000U\000s\000i\000n\000g\000\040\000C\000o\000n\000t\000i\000n\000u\000i\000t\000y}{section.4}% 23
\BOOKMARK [0][-]{part.3}{\376\377\000I\000I\000I\000\040\000D\000e\000r\000i\000v\000a\000t\000i\000v\000e\000s\000\040\000a\000n\000d\000\040\000A\000p\000p\000l\000i\000c\000a\000t\000i\000o\000n\000s}{}% 24
\BOOKMARK [1][-]{section.5}{\376\377\000T\000h\000e\000\040\000D\000e\000r\000i\000v\000a\000t\000i\000v\000e}{part.3}% 25
\BOOKMARK [2][-]{subsection.5.1}{\376\377\000T\000h\000e\000\040\000L\000i\000m\000i\000t\000\040\000D\000e\000f\000i\000n\000i\000t\000i\000o\000n}{section.5}% 26
\BOOKMARK [2][-]{subsection.5.2}{\376\377\000T\000h\000e\000\040\000T\000w\000o\000\040\000P\000a\000r\000t\000\040\000`\000`\000P\000r\000o\000g\000r\000a\000m\000'\000'\000\040\000f\000o\000r\000\040\000F\000i\000n\000d\000i\000n\000g\000\040\000D\000e\000r\000i\000v\000a\000t\000i\000v\000e\000s}{section.5}% 27
\BOOKMARK [2][-]{subsection.5.3}{\376\377\000I\000m\000p\000l\000i\000c\000i\000t\000\040\000D\000i\000f\000f\000e\000r\000e\000n\000t\000i\000a\000t\000i\000o\000n}{section.5}% 28
\BOOKMARK [2][-]{subsection.5.4}{\376\377\000L\000o\000g\000a\000r\000i\000t\000h\000m\000i\000c\000\040\000D\000i\000f\000f\000e\000r\000e\000n\000t\000i\000a\000t\000i\000o\000n}{section.5}% 29
\BOOKMARK [2][-]{subsection.5.5}{\376\377\000U\000s\000i\000n\000g\000\040\000T\000h\000e\000\040\000I\000n\000v\000e\000r\000s\000e\000\040\000R\000u\000l\000e}{section.5}% 30
\BOOKMARK [1][-]{section.6}{\376\377\000A\000p\000p\000l\000i\000c\000a\000t\000i\000o\000n\000s}{part.3}% 31
\BOOKMARK [2][-]{subsection.6.1}{\376\377\000L\000i\000n\000e\000a\000r\000\040\000A\000p\000p\000r\000o\000x\000i\000m\000a\000t\000i\000o\000n}{section.6}% 32
\BOOKMARK [2][-]{subsection.6.2}{\376\377\000L\000'\000H\000\364\000p\000i\000t\000a\000l\000'\000s\000\040\000R\000u\000l\000e}{section.6}% 33
\BOOKMARK [2][-]{subsection.6.3}{\376\377\000K\000i\000n\000e\000m\000a\000t\000i\000c\000s}{section.6}% 34
\BOOKMARK [2][-]{subsection.6.4}{\376\377\000R\000e\000l\000a\000t\000e\000d\000\040\000R\000a\000t\000e\000s}{section.6}% 35
\BOOKMARK [2][-]{subsection.6.5}{\376\377\000Q\000u\000a\000l\000i\000t\000i\000e\000s\000\040\000o\000f\000\040\000G\000r\000a\000p\000h\000s}{section.6}% 36
\BOOKMARK [2][-]{subsection.6.6}{\376\377\000E\000x\000t\000r\000e\000m\000a\000l\000\040\000P\000o\000i\000n\000t\000s}{section.6}% 37
\BOOKMARK [2][-]{subsection.6.7}{\376\377\000N\000e\000w\000t\000o\000n\000'\000s\000\040\000M\000e\000t\000h\000o\000d\000\040\000f\000o\000r\000\040\000F\000i\000n\000d\000i\000n\000g\000\040\000R\000o\000o\000t\000s}{section.6}% 38
\BOOKMARK [0][-]{part.4}{\376\377\000I\000V\000\040\000A\000n\000t\000i\000-\000d\000i\000f\000f\000e\000r\000e\000n\000t\000i\000a\000t\000i\000o\000n}{}% 39
